This is pdfTeX, Version 3.14159265-2.6-1.40.21 (TeX Live 2020/Debian) (preloaded format=pdflatex 2021.4.30)  28 APR 2022 08:39
entering extended mode
 restricted \write18 enabled.
 %&-line parsing enabled.
**2977_12n_888.tex
(./2977_12n_888.tex
LaTeX2e <2020-10-01> patch level 4
L3 programming layer <2021-01-09> xparse <2020-03-03>
(./elsarticle_modified.cls

LaTeX Warning: You have requested document class `elsarticle_modified',
               but the document class provides `elsarticle'.

Document Class: elsarticle 2009/09/17, 1.20b: Elsevier Ltd
\@bls=\dimen138
(/usr/share/texlive/texmf-dist/tex/latex/base/article.cls
Document Class: article 2020/04/10 v1.4m Standard LaTeX document class
(/usr/share/texlive/texmf-dist/tex/latex/base/size10.clo
File: size10.clo 2020/04/10 v1.4m Standard LaTeX file (size option)
)
\c@part=\count177
\c@section=\count178
\c@subsection=\count179
\c@subsubsection=\count180
\c@paragraph=\count181
\c@subparagraph=\count182
\c@figure=\count183
\c@table=\count184
\abovecaptionskip=\skip47
\belowcaptionskip=\skip48
\bibindent=\dimen139
)
(/usr/share/texlive/texmf-dist/tex/latex/graphics/graphicx.sty
Package: graphicx 2020/09/09 v1.2b Enhanced LaTeX Graphics (DPC,SPQR)

(/usr/share/texlive/texmf-dist/tex/latex/graphics/keyval.sty
Package: keyval 2014/10/28 v1.15 key=value parser (DPC)
\KV@toks@=\toks15
)
(/usr/share/texlive/texmf-dist/tex/latex/graphics/graphics.sty
Package: graphics 2020/08/30 v1.4c Standard LaTeX Graphics (DPC,SPQR)

(/usr/share/texlive/texmf-dist/tex/latex/graphics/trig.sty
Package: trig 2016/01/03 v1.10 sin cos tan (DPC)
)
(/usr/share/texlive/texmf-dist/tex/latex/graphics-cfg/graphics.cfg
File: graphics.cfg 2016/06/04 v1.11 sample graphics configuration
)
Package graphics Info: Driver file: pdftex.def on input line 105.

(/usr/share/texlive/texmf-dist/tex/latex/graphics-def/pdftex.def
File: pdftex.def 2020/10/05 v1.2a Graphics/color driver for pdftex
))
\Gin@req@height=\dimen140
\Gin@req@width=\dimen141
)
(/usr/share/texlive/texmf-dist/tex/latex/psnfss/pifont.sty
Package: pifont 2020/03/25 PSNFSS-v9.3 Pi font support (SPQR) 
LaTeX Font Info:    Trying to load font information for U+pzd on input line 63.


(/usr/share/texlive/texmf-dist/tex/latex/psnfss/upzd.fd
File: upzd.fd 2001/06/04 font definitions for U/pzd.
)
LaTeX Font Info:    Trying to load font information for U+psy on input line 64.


(/usr/share/texlive/texmf-dist/tex/latex/psnfss/upsy.fd
File: upsy.fd 2001/06/04 font definitions for U/psy.
))
\c@tnote=\count185
\c@fnote=\count186
\c@cnote=\count187
\c@ead=\count188
\c@author=\count189
\@eadauthor=\toks16
\c@affn=\count190
\absbox=\box47
\keybox=\box48
\Columnwidth=\dimen142
\space@left=\dimen143
\els@boxa=\box49
\els@boxb=\box50
\leftMargin=\dimen144
\@enLab=\toks17
\@sep=\skip49
\@@sep=\skip50

(/usr/share/texlive/texmf-dist/tex/latex/natbib/natbib.sty
Package: natbib 2010/09/13 8.31b (PWD, AO)
\bibhang=\skip51
\bibsep=\skip52
LaTeX Info: Redefining \cite on input line 694.
\c@NAT@ctr=\count191
)
\splwrite=\write3
\openout3 = `2977_12n_888.spl'.


(/usr/share/texlive/texmf-dist/tex/latex/geometry/geometry.sty
Package: geometry 2020/01/02 v5.9 Page Geometry

(/usr/share/texlive/texmf-dist/tex/generic/iftex/ifvtex.sty
Package: ifvtex 2019/10/25 v1.7 ifvtex legacy package. Use iftex instead.

(/usr/share/texlive/texmf-dist/tex/generic/iftex/iftex.sty
Package: iftex 2020/03/06 v1.0d TeX engine tests
))
\Gm@cnth=\count192
\Gm@cntv=\count193
\c@Gm@tempcnt=\count194
\Gm@bindingoffset=\dimen145
\Gm@wd@mp=\dimen146
\Gm@odd@mp=\dimen147
\Gm@even@mp=\dimen148
\Gm@layoutwidth=\dimen149
\Gm@layoutheight=\dimen150
\Gm@layouthoffset=\dimen151
\Gm@layoutvoffset=\dimen152
\Gm@dimlist=\toks18
)
\appnamewidth=\dimen153
)
(/usr/share/texlive/texmf-dist/tex/latex/amsfonts/amsfonts.sty
Package: amsfonts 2013/01/14 v3.01 Basic AMSFonts support
\@emptytoks=\toks19
\symAMSa=\mathgroup4
\symAMSb=\mathgroup5
LaTeX Font Info:    Redeclaring math symbol \hbar on input line 98.
LaTeX Font Info:    Overwriting math alphabet `\mathfrak' in version `bold'
(Font)                  U/euf/m/n --> U/euf/b/n on input line 106.
)
(/usr/share/texlive/texmf-dist/tex/latex/amsfonts/amssymb.sty
Package: amssymb 2013/01/14 v3.01 AMS font symbols
)
(/usr/share/texlive/texmf-dist/tex/latex/amsmath/amsmath.sty
Package: amsmath 2020/09/23 v2.17i AMS math features
\@mathmargin=\skip53

For additional information on amsmath, use the `?' option.
(/usr/share/texlive/texmf-dist/tex/latex/amsmath/amstext.sty
Package: amstext 2000/06/29 v2.01 AMS text

(/usr/share/texlive/texmf-dist/tex/latex/amsmath/amsgen.sty
File: amsgen.sty 1999/11/30 v2.0 generic functions
\@emptytoks=\toks20
\ex@=\dimen154
))
(/usr/share/texlive/texmf-dist/tex/latex/amsmath/amsbsy.sty
Package: amsbsy 1999/11/29 v1.2d Bold Symbols
\pmbraise@=\dimen155
)
(/usr/share/texlive/texmf-dist/tex/latex/amsmath/amsopn.sty
Package: amsopn 2016/03/08 v2.02 operator names
)
\inf@bad=\count195
LaTeX Info: Redefining \frac on input line 234.
\uproot@=\count196
\leftroot@=\count197
LaTeX Info: Redefining \overline on input line 399.
\classnum@=\count198
\DOTSCASE@=\count199
LaTeX Info: Redefining \ldots on input line 496.
LaTeX Info: Redefining \dots on input line 499.
LaTeX Info: Redefining \cdots on input line 620.
\Mathstrutbox@=\box51
\strutbox@=\box52
\big@size=\dimen156
LaTeX Font Info:    Redeclaring font encoding OML on input line 743.
LaTeX Font Info:    Redeclaring font encoding OMS on input line 744.
\macc@depth=\count266
\c@MaxMatrixCols=\count267
\dotsspace@=\muskip16
\c@parentequation=\count268
\dspbrk@lvl=\count269
\tag@help=\toks21
\row@=\count270
\column@=\count271
\maxfields@=\count272
\andhelp@=\toks22
\eqnshift@=\dimen157
\alignsep@=\dimen158
\tagshift@=\dimen159
\tagwidth@=\dimen160
\totwidth@=\dimen161
\lineht@=\dimen162
\@envbody=\toks23
\multlinegap=\skip54
\multlinetaggap=\skip55
\mathdisplay@stack=\toks24
LaTeX Info: Redefining \[ on input line 2923.
LaTeX Info: Redefining \] on input line 2924.
)
(/usr/share/texlive/texmf-dist/tex/latex/amscls/amsthm.sty
Package: amsthm 2020/05/29 v2.20.6
\thm@style=\toks25
\thm@bodyfont=\toks26
\thm@headfont=\toks27
\thm@notefont=\toks28
\thm@headpunct=\toks29
\thm@preskip=\skip56
\thm@postskip=\skip57
\thm@headsep=\skip58
\dth@everypar=\toks30
LaTeX Info: Redefining \qed on input line 273.
)
(/usr/share/texlive/texmf-dist/tex/latex/carlisle/scalefnt.sty)
(/usr/share/texlive/texmf-dist/tex/latex/cjk-ko/kotex.sty
Package: kotex 2015/04/19 v1.6 Korean TeX (ko.TeX)

(/usr/share/texlive/texmf-dist/tex/latex/kotex-utf/kotex.cfg)
(/usr/share/texlive/texmf-dist/tex/latex/kotex-utf/kotexutf.sty
Package: kotexutf 2015/07/18 v2.1.1 typesetting UTF-8 Korean documents

(/usr/share/texlive/texmf-dist/tex/latex/base/inputenc.sty
Package: inputenc 2020/08/01 v1.3d Input encoding file
\inpenc@prehook=\toks31
\inpenc@posthook=\toks32
)
(/usr/share/texlive/texmf-dist/tex/plain/kotex-plain/kotexutf-core.tex
\unih@ngulpoint=\count273
\dhucs@emph@raise=\dimen163
)
Now handling font encoding LUC ...
... processing UTF-8 mapping file for font encoding LUC

(/usr/share/texlive/texmf-dist/tex/latex/kotex-utf/lucenc.dfu
File: lucenc.dfu 2007/09/05 UTF-8 support for dhucs
   defining Unicode char U+00B7 (decimal 183)
   defining Unicode char U+2018 (decimal 8216)
   defining Unicode char U+2019 (decimal 8217)
   defining Unicode char U+201C (decimal 8220)
   defining Unicode char U+201D (decimal 8221)
   defining Unicode char U+3001 (decimal 12289)
   defining Unicode char U+3002 (decimal 12290)
   defining Unicode char U+3008 (decimal 12296)
   defining Unicode char U+3009 (decimal 12297)
   defining Unicode char U+300A (decimal 12298)
   defining Unicode char U+300B (decimal 12299)
   defining Unicode char U+300C (decimal 12300)
   defining Unicode char U+300D (decimal 12301)
   defining Unicode char U+300E (decimal 12302)
   defining Unicode char U+300F (decimal 12303)
   defining Unicode char U+3010 (decimal 12304)
   defining Unicode char U+3011 (decimal 12305)
   defining Unicode char U+3014 (decimal 12308)
   defining Unicode char U+3015 (decimal 12309)
   defining Unicode char U+3016 (decimal 12310)
   defining Unicode char U+3017 (decimal 12311)
   defining Unicode char U+3018 (decimal 12312)
   defining Unicode char U+3019 (decimal 12313)
   defining Unicode char U+301A (decimal 12314)
   defining Unicode char U+301B (decimal 12315)
   defining Unicode char U+FF01 (decimal 65281)
   defining Unicode char U+FF08 (decimal 65288)
   defining Unicode char U+FF09 (decimal 65289)
   defining Unicode char U+FF0C (decimal 65292)
   defining Unicode char U+FF0E (decimal 65294)
   defining Unicode char U+FF1A (decimal 65306)
   defining Unicode char U+FF1B (decimal 65307)
   defining Unicode char U+FF1C (decimal 65308)
   defining Unicode char U+FF1D (decimal 65309)
   defining Unicode char U+FF1E (decimal 65310)
   defining Unicode char U+FF1F (decimal 65311)
   defining Unicode char U+FF3B (decimal 65339)
   defining Unicode char U+FF3D (decimal 65341)
   defining Unicode char U+FF5B (decimal 65371)
   defining Unicode char U+FF5D (decimal 65373)
   defining Unicode char U+FF61 (decimal 65377)
   defining Unicode char U+FF62 (decimal 65378)
   defining Unicode char U+FF63 (decimal 65379)
   defining Unicode char U+FF64 (decimal 65380)
   defining Unicode char U+FF65 (decimal 65381)
)
\@josa=\count274
\josatoks=\toks33

(/usr/share/texlive/texmf-dist/tex/latex/cjk-ko/kolabels-utf.sty
Package: kolabels-utf 2015/03/20 v1.5 UTF-8 Hangul item labels
)))
(/usr/share/texlive/texmf-dist/tex/latex/caption/caption.sty
Package: caption 2020/10/26 v3.5g Customizing captions (AR)

(/usr/share/texlive/texmf-dist/tex/latex/caption/caption3.sty
Package: caption3 2020/10/21 v2.2e caption3 kernel (AR)
\captionmargin=\dimen164
\captionmargin@=\dimen165
\captionwidth=\dimen166
\caption@tempdima=\dimen167
\caption@indent=\dimen168
\caption@parindent=\dimen169
\caption@hangindent=\dimen170
Package caption Info: Unknown document class (or package),
(caption)             standard defaults will be used.
Package caption Info: \@makecaption = \long macro:#1#2->\vskip \abovecaptionski
p \footnotesize \sbox \@tempboxa {#1: #2}\ifdim \wd \@tempboxa >\hsize #1: #2\p
ar \else \global \@minipagefalse \hb@xt@ \hsize {\hfil \box \@tempboxa \hfil }\
fi \vskip \belowcaptionskip  on input line 1139.
)

Package caption Warning: Unknown document class (or package),
(caption)                standard defaults will be used.
See the caption package documentation for explanation.

\c@caption@flags=\count275
\c@continuedfloat=\count276
) (/usr/share/texlive/texmf-dist/tex/latex/subfig/subfig.sty
Package: subfig 2005/06/28 ver: 1.3 subfig package
\c@KVtest=\count277
\sf@farskip=\skip59
\sf@captopadj=\dimen171
\sf@capskip=\skip60
\sf@nearskip=\skip61
\c@subfigure=\count278
\c@subfigure@save=\count279
\c@lofdepth=\count280
\c@subtable=\count281
\c@subtable@save=\count282
\c@lotdepth=\count283
\sf@top=\skip62
\sf@bottom=\skip63
)
(/usr/share/texlive/texmf-dist/tex/latex/graphics/color.sty
Package: color 2020/02/24 v1.2b Standard LaTeX Color (DPC)

(/usr/share/texlive/texmf-dist/tex/latex/graphics-cfg/color.cfg
File: color.cfg 2016/01/02 v1.6 sample color configuration
)
Package color Info: Driver file: pdftex.def on input line 147.
)
(/usr/share/texlive/texmf-dist/tex/latex/xcolor/xcolor.sty
Package: xcolor 2016/05/11 v2.12 LaTeX color extensions (UK)

(/usr/share/texlive/texmf-dist/tex/latex/graphics-cfg/color.cfg
File: color.cfg 2016/01/02 v1.6 sample color configuration
)
Package xcolor Info: Driver file: pdftex.def on input line 225.
LaTeX Info: Redefining \color on input line 709.
Package xcolor Info: Model `cmy' substituted by `cmy0' on input line 1348.
Package xcolor Info: Model `hsb' substituted by `rgb' on input line 1352.
Package xcolor Info: Model `RGB' extended on input line 1364.
Package xcolor Info: Model `HTML' substituted by `rgb' on input line 1366.
Package xcolor Info: Model `Hsb' substituted by `hsb' on input line 1367.
Package xcolor Info: Model `tHsb' substituted by `hsb' on input line 1368.
Package xcolor Info: Model `HSB' substituted by `hsb' on input line 1369.
Package xcolor Info: Model `Gray' substituted by `gray' on input line 1370.
Package xcolor Info: Model `wave' substituted by `hsb' on input line 1371.
)
(/usr/share/texlive/texmf-dist/tex/latex/float/float.sty
Package: float 2001/11/08 v1.3d Float enhancements (AL)
\c@float@type=\count284
\float@exts=\toks34
\float@box=\box53
\@float@everytoks=\toks35
\@floatcapt=\box54
)
(/usr/share/texlive/texmf-dist/tex/latex/setspace/setspace.sty
Package: setspace 2011/12/19 v6.7a set line spacing
)
(/usr/share/texlive/texmf-dist/tex/latex/hyperref/hyperref.sty
Package: hyperref 2020-05-15 v7.00e Hypertext links for LaTeX

(/usr/share/texlive/texmf-dist/tex/generic/ltxcmds/ltxcmds.sty
Package: ltxcmds 2020-05-10 v1.25 LaTeX kernel commands for general use (HO)
)
(/usr/share/texlive/texmf-dist/tex/generic/pdftexcmds/pdftexcmds.sty
Package: pdftexcmds 2020-06-27 v0.33 Utility functions of pdfTeX for LuaTeX (HO
)

(/usr/share/texlive/texmf-dist/tex/generic/infwarerr/infwarerr.sty
Package: infwarerr 2019/12/03 v1.5 Providing info/warning/error messages (HO)
)
Package pdftexcmds Info: \pdf@primitive is available.
Package pdftexcmds Info: \pdf@ifprimitive is available.
Package pdftexcmds Info: \pdfdraftmode found.
)
(/usr/share/texlive/texmf-dist/tex/generic/kvsetkeys/kvsetkeys.sty
Package: kvsetkeys 2019/12/15 v1.18 Key value parser (HO)
)
(/usr/share/texlive/texmf-dist/tex/generic/kvdefinekeys/kvdefinekeys.sty
Package: kvdefinekeys 2019-12-19 v1.6 Define keys (HO)
)
(/usr/share/texlive/texmf-dist/tex/generic/pdfescape/pdfescape.sty
Package: pdfescape 2019/12/09 v1.15 Implements pdfTeX's escape features (HO)
)
(/usr/share/texlive/texmf-dist/tex/latex/hycolor/hycolor.sty
Package: hycolor 2020-01-27 v1.10 Color options for hyperref/bookmark (HO)
)
(/usr/share/texlive/texmf-dist/tex/latex/letltxmacro/letltxmacro.sty
Package: letltxmacro 2019/12/03 v1.6 Let assignment for LaTeX macros (HO)
)
(/usr/share/texlive/texmf-dist/tex/latex/auxhook/auxhook.sty
Package: auxhook 2019-12-17 v1.6 Hooks for auxiliary files (HO)
)
(/usr/share/texlive/texmf-dist/tex/latex/kvoptions/kvoptions.sty
Package: kvoptions 2020-10-07 v3.14 Key value format for package options (HO)
)
\@linkdim=\dimen172
\Hy@linkcounter=\count285
\Hy@pagecounter=\count286

(/usr/share/texlive/texmf-dist/tex/latex/hyperref/pd1enc.def
File: pd1enc.def 2020-05-15 v7.00e Hyperref: PDFDocEncoding definition (HO)
Now handling font encoding PD1 ...
... no UTF-8 mapping file for font encoding PD1
)
(/usr/share/texlive/texmf-dist/tex/generic/intcalc/intcalc.sty
Package: intcalc 2019/12/15 v1.3 Expandable calculations with integers (HO)
)
(/usr/share/texlive/texmf-dist/tex/generic/etexcmds/etexcmds.sty
Package: etexcmds 2019/12/15 v1.7 Avoid name clashes with e-TeX commands (HO)
)
\Hy@SavedSpaceFactor=\count287
Package hyperref Info: Hyper figures OFF on input line 4464.
Package hyperref Info: Link nesting OFF on input line 4469.
Package hyperref Info: Hyper index ON on input line 4472.
Package hyperref Info: Plain pages OFF on input line 4479.
Package hyperref Info: Backreferencing OFF on input line 4484.
Package hyperref Info: Implicit mode ON; LaTeX internals redefined.
Package hyperref Info: Bookmarks ON on input line 4717.
\c@Hy@tempcnt=\count288

(/usr/share/texlive/texmf-dist/tex/latex/url/url.sty
\Urlmuskip=\muskip17
Package: url 2013/09/16  ver 3.4  Verb mode for urls, etc.
)
LaTeX Info: Redefining \url on input line 5076.
\XeTeXLinkMargin=\dimen173

(/usr/share/texlive/texmf-dist/tex/generic/bitset/bitset.sty
Package: bitset 2019/12/09 v1.3 Handle bit-vector datatype (HO)

(/usr/share/texlive/texmf-dist/tex/generic/bigintcalc/bigintcalc.sty
Package: bigintcalc 2019/12/15 v1.5 Expandable calculations on big integers (HO
)
))
\Fld@menulength=\count289
\Field@Width=\dimen174
\Fld@charsize=\dimen175
Package hyperref Info: Hyper figures OFF on input line 6347.
Package hyperref Info: Link nesting OFF on input line 6352.
Package hyperref Info: Hyper index ON on input line 6355.
Package hyperref Info: backreferencing OFF on input line 6362.
Package hyperref Info: Link coloring OFF on input line 6367.
Package hyperref Info: Link coloring with OCG OFF on input line 6372.
Package hyperref Info: PDF/A mode OFF on input line 6377.
LaTeX Info: Redefining \ref on input line 6417.
LaTeX Info: Redefining \pageref on input line 6421.

(/usr/share/texlive/texmf-dist/tex/latex/base/atbegshi-ltx.sty
Package: atbegshi-ltx 2020/08/17 v1.0a Emulation of the original atbegshi packa
ge
with kernel methods
)
\Hy@abspage=\count290
\c@Item=\count291
\c@Hfootnote=\count292
)
Package hyperref Info: Driver (autodetected): hpdftex.

(/usr/share/texlive/texmf-dist/tex/latex/hyperref/hpdftex.def
File: hpdftex.def 2020-05-15 v7.00e Hyperref driver for pdfTeX

(/usr/share/texlive/texmf-dist/tex/latex/base/atveryend-ltx.sty
Package: atveryend-ltx 2020/08/19 v1.0a Emulation of the original atvery packag
e
with kernel methods
)
\Fld@listcount=\count293
\c@bookmark@seq@number=\count294

(/usr/share/texlive/texmf-dist/tex/latex/rerunfilecheck/rerunfilecheck.sty
Package: rerunfilecheck 2019/12/05 v1.9 Rerun checks for auxiliary files (HO)

(/usr/share/texlive/texmf-dist/tex/generic/uniquecounter/uniquecounter.sty
Package: uniquecounter 2019/12/15 v1.4 Provide unlimited unique counter (HO)
)
Package uniquecounter Info: New unique counter `rerunfilecheck' on input line 2
86.
)
\Hy@SectionHShift=\skip64
)
(/usr/share/texlive/texmf-dist/tex/latex/pgf/frontendlayer/tikz.sty
(/usr/share/texlive/texmf-dist/tex/latex/pgf/basiclayer/pgf.sty
(/usr/share/texlive/texmf-dist/tex/latex/pgf/utilities/pgfrcs.sty
(/usr/share/texlive/texmf-dist/tex/generic/pgf/utilities/pgfutil-common.tex
\pgfutil@everybye=\toks36
\pgfutil@tempdima=\dimen176
\pgfutil@tempdimb=\dimen177

(/usr/share/texlive/texmf-dist/tex/generic/pgf/utilities/pgfutil-common-lists.t
ex)) (/usr/share/texlive/texmf-dist/tex/generic/pgf/utilities/pgfutil-latex.def
\pgfutil@abb=\box55
) (/usr/share/texlive/texmf-dist/tex/generic/pgf/utilities/pgfrcs.code.tex
(/usr/share/texlive/texmf-dist/tex/generic/pgf/pgf.revision.tex)
Package: pgfrcs 2020/12/27 v3.1.8b (3.1.8b)
))
Package: pgf 2020/12/27 v3.1.8b (3.1.8b)

(/usr/share/texlive/texmf-dist/tex/latex/pgf/basiclayer/pgfcore.sty
(/usr/share/texlive/texmf-dist/tex/latex/pgf/systemlayer/pgfsys.sty
(/usr/share/texlive/texmf-dist/tex/generic/pgf/systemlayer/pgfsys.code.tex
Package: pgfsys 2020/12/27 v3.1.8b (3.1.8b)

(/usr/share/texlive/texmf-dist/tex/generic/pgf/utilities/pgfkeys.code.tex
\pgfkeys@pathtoks=\toks37
\pgfkeys@temptoks=\toks38

(/usr/share/texlive/texmf-dist/tex/generic/pgf/utilities/pgfkeysfiltered.code.t
ex
\pgfkeys@tmptoks=\toks39
))
\pgf@x=\dimen178
\pgf@y=\dimen179
\pgf@xa=\dimen180
\pgf@ya=\dimen181
\pgf@xb=\dimen182
\pgf@yb=\dimen183
\pgf@xc=\dimen184
\pgf@yc=\dimen185
\pgf@xd=\dimen186
\pgf@yd=\dimen187
\w@pgf@writea=\write4
\r@pgf@reada=\read2
\c@pgf@counta=\count295
\c@pgf@countb=\count296
\c@pgf@countc=\count297
\c@pgf@countd=\count298
\t@pgf@toka=\toks40
\t@pgf@tokb=\toks41
\t@pgf@tokc=\toks42
\pgf@sys@id@count=\count299
 (/usr/share/texlive/texmf-dist/tex/generic/pgf/systemlayer/pgf.cfg
File: pgf.cfg 2020/12/27 v3.1.8b (3.1.8b)
)
Driver file for pgf: pgfsys-pdftex.def

(/usr/share/texlive/texmf-dist/tex/generic/pgf/systemlayer/pgfsys-pdftex.def
File: pgfsys-pdftex.def 2020/12/27 v3.1.8b (3.1.8b)

(/usr/share/texlive/texmf-dist/tex/generic/pgf/systemlayer/pgfsys-common-pdf.de
f
File: pgfsys-common-pdf.def 2020/12/27 v3.1.8b (3.1.8b)
)))
(/usr/share/texlive/texmf-dist/tex/generic/pgf/systemlayer/pgfsyssoftpath.code.
tex
File: pgfsyssoftpath.code.tex 2020/12/27 v3.1.8b (3.1.8b)
\pgfsyssoftpath@smallbuffer@items=\count300
\pgfsyssoftpath@bigbuffer@items=\count301
)
(/usr/share/texlive/texmf-dist/tex/generic/pgf/systemlayer/pgfsysprotocol.code.
tex
File: pgfsysprotocol.code.tex 2020/12/27 v3.1.8b (3.1.8b)
))
(/usr/share/texlive/texmf-dist/tex/generic/pgf/basiclayer/pgfcore.code.tex
Package: pgfcore 2020/12/27 v3.1.8b (3.1.8b)

(/usr/share/texlive/texmf-dist/tex/generic/pgf/math/pgfmath.code.tex
(/usr/share/texlive/texmf-dist/tex/generic/pgf/math/pgfmathcalc.code.tex
(/usr/share/texlive/texmf-dist/tex/generic/pgf/math/pgfmathutil.code.tex)
(/usr/share/texlive/texmf-dist/tex/generic/pgf/math/pgfmathparser.code.tex
\pgfmath@dimen=\dimen188
\pgfmath@count=\count302
\pgfmath@box=\box56
\pgfmath@toks=\toks43
\pgfmath@stack@operand=\toks44
\pgfmath@stack@operation=\toks45
)
(/usr/share/texlive/texmf-dist/tex/generic/pgf/math/pgfmathfunctions.code.tex
(/usr/share/texlive/texmf-dist/tex/generic/pgf/math/pgfmathfunctions.basic.code
.tex)
(/usr/share/texlive/texmf-dist/tex/generic/pgf/math/pgfmathfunctions.trigonomet
ric.code.tex)
(/usr/share/texlive/texmf-dist/tex/generic/pgf/math/pgfmathfunctions.random.cod
e.tex)
(/usr/share/texlive/texmf-dist/tex/generic/pgf/math/pgfmathfunctions.comparison
.code.tex)
(/usr/share/texlive/texmf-dist/tex/generic/pgf/math/pgfmathfunctions.base.code.
tex)
(/usr/share/texlive/texmf-dist/tex/generic/pgf/math/pgfmathfunctions.round.code
.tex)
(/usr/share/texlive/texmf-dist/tex/generic/pgf/math/pgfmathfunctions.misc.code.
tex)
(/usr/share/texlive/texmf-dist/tex/generic/pgf/math/pgfmathfunctions.integerari
thmetics.code.tex)))
(/usr/share/texlive/texmf-dist/tex/generic/pgf/math/pgfmathfloat.code.tex
\c@pgfmathroundto@lastzeros=\count303
))
(/usr/share/texlive/texmf-dist/tex/generic/pgf/math/pgfint.code.tex)
(/usr/share/texlive/texmf-dist/tex/generic/pgf/basiclayer/pgfcorepoints.code.te
x
File: pgfcorepoints.code.tex 2020/12/27 v3.1.8b (3.1.8b)
\pgf@picminx=\dimen189
\pgf@picmaxx=\dimen190
\pgf@picminy=\dimen191
\pgf@picmaxy=\dimen192
\pgf@pathminx=\dimen193
\pgf@pathmaxx=\dimen194
\pgf@pathminy=\dimen195
\pgf@pathmaxy=\dimen196
\pgf@xx=\dimen197
\pgf@xy=\dimen198
\pgf@yx=\dimen199
\pgf@yy=\dimen256
\pgf@zx=\dimen257
\pgf@zy=\dimen258
)
(/usr/share/texlive/texmf-dist/tex/generic/pgf/basiclayer/pgfcorepathconstruct.
code.tex
File: pgfcorepathconstruct.code.tex 2020/12/27 v3.1.8b (3.1.8b)
\pgf@path@lastx=\dimen259
\pgf@path@lasty=\dimen260
)
(/usr/share/texlive/texmf-dist/tex/generic/pgf/basiclayer/pgfcorepathusage.code
.tex
File: pgfcorepathusage.code.tex 2020/12/27 v3.1.8b (3.1.8b)
\pgf@shorten@end@additional=\dimen261
\pgf@shorten@start@additional=\dimen262
)
(/usr/share/texlive/texmf-dist/tex/generic/pgf/basiclayer/pgfcorescopes.code.te
x
File: pgfcorescopes.code.tex 2020/12/27 v3.1.8b (3.1.8b)
\pgfpic=\box57
\pgf@hbox=\box58
\pgf@layerbox@main=\box59
\pgf@picture@serial@count=\count304
)
(/usr/share/texlive/texmf-dist/tex/generic/pgf/basiclayer/pgfcoregraphicstate.c
ode.tex
File: pgfcoregraphicstate.code.tex 2020/12/27 v3.1.8b (3.1.8b)
\pgflinewidth=\dimen263
)
(/usr/share/texlive/texmf-dist/tex/generic/pgf/basiclayer/pgfcoretransformation
s.code.tex
File: pgfcoretransformations.code.tex 2020/12/27 v3.1.8b (3.1.8b)
\pgf@pt@x=\dimen264
\pgf@pt@y=\dimen265
\pgf@pt@temp=\dimen266
)
(/usr/share/texlive/texmf-dist/tex/generic/pgf/basiclayer/pgfcorequick.code.tex
File: pgfcorequick.code.tex 2020/12/27 v3.1.8b (3.1.8b)
)
(/usr/share/texlive/texmf-dist/tex/generic/pgf/basiclayer/pgfcoreobjects.code.t
ex
File: pgfcoreobjects.code.tex 2020/12/27 v3.1.8b (3.1.8b)
)
(/usr/share/texlive/texmf-dist/tex/generic/pgf/basiclayer/pgfcorepathprocessing
.code.tex
File: pgfcorepathprocessing.code.tex 2020/12/27 v3.1.8b (3.1.8b)
)
(/usr/share/texlive/texmf-dist/tex/generic/pgf/basiclayer/pgfcorearrows.code.te
x
File: pgfcorearrows.code.tex 2020/12/27 v3.1.8b (3.1.8b)
\pgfarrowsep=\dimen267
)
(/usr/share/texlive/texmf-dist/tex/generic/pgf/basiclayer/pgfcoreshade.code.tex
File: pgfcoreshade.code.tex 2020/12/27 v3.1.8b (3.1.8b)
\pgf@max=\dimen268
\pgf@sys@shading@range@num=\count305
\pgf@shadingcount=\count306
)
(/usr/share/texlive/texmf-dist/tex/generic/pgf/basiclayer/pgfcoreimage.code.tex
File: pgfcoreimage.code.tex 2020/12/27 v3.1.8b (3.1.8b)

(/usr/share/texlive/texmf-dist/tex/generic/pgf/basiclayer/pgfcoreexternal.code.
tex
File: pgfcoreexternal.code.tex 2020/12/27 v3.1.8b (3.1.8b)
\pgfexternal@startupbox=\box60
))
(/usr/share/texlive/texmf-dist/tex/generic/pgf/basiclayer/pgfcorelayers.code.te
x
File: pgfcorelayers.code.tex 2020/12/27 v3.1.8b (3.1.8b)
)
(/usr/share/texlive/texmf-dist/tex/generic/pgf/basiclayer/pgfcoretransparency.c
ode.tex
File: pgfcoretransparency.code.tex 2020/12/27 v3.1.8b (3.1.8b)
)
(/usr/share/texlive/texmf-dist/tex/generic/pgf/basiclayer/pgfcorepatterns.code.
tex
File: pgfcorepatterns.code.tex 2020/12/27 v3.1.8b (3.1.8b)
)
(/usr/share/texlive/texmf-dist/tex/generic/pgf/basiclayer/pgfcorerdf.code.tex
File: pgfcorerdf.code.tex 2020/12/27 v3.1.8b (3.1.8b)
)))
(/usr/share/texlive/texmf-dist/tex/generic/pgf/modules/pgfmoduleshapes.code.tex
File: pgfmoduleshapes.code.tex 2020/12/27 v3.1.8b (3.1.8b)
\pgfnodeparttextbox=\box61
) (/usr/share/texlive/texmf-dist/tex/generic/pgf/modules/pgfmoduleplot.code.tex
File: pgfmoduleplot.code.tex 2020/12/27 v3.1.8b (3.1.8b)
)
(/usr/share/texlive/texmf-dist/tex/latex/pgf/compatibility/pgfcomp-version-0-65
.sty
Package: pgfcomp-version-0-65 2020/12/27 v3.1.8b (3.1.8b)
\pgf@nodesepstart=\dimen269
\pgf@nodesepend=\dimen270
)
(/usr/share/texlive/texmf-dist/tex/latex/pgf/compatibility/pgfcomp-version-1-18
.sty
Package: pgfcomp-version-1-18 2020/12/27 v3.1.8b (3.1.8b)
)) (/usr/share/texlive/texmf-dist/tex/latex/pgf/utilities/pgffor.sty
(/usr/share/texlive/texmf-dist/tex/latex/pgf/utilities/pgfkeys.sty
(/usr/share/texlive/texmf-dist/tex/generic/pgf/utilities/pgfkeys.code.tex))
(/usr/share/texlive/texmf-dist/tex/latex/pgf/math/pgfmath.sty
(/usr/share/texlive/texmf-dist/tex/generic/pgf/math/pgfmath.code.tex))
(/usr/share/texlive/texmf-dist/tex/generic/pgf/utilities/pgffor.code.tex
Package: pgffor 2020/12/27 v3.1.8b (3.1.8b)

(/usr/share/texlive/texmf-dist/tex/generic/pgf/math/pgfmath.code.tex)
\pgffor@iter=\dimen271
\pgffor@skip=\dimen272
\pgffor@stack=\toks46
\pgffor@toks=\toks47
))
(/usr/share/texlive/texmf-dist/tex/generic/pgf/frontendlayer/tikz/tikz.code.tex
Package: tikz 2020/12/27 v3.1.8b (3.1.8b)

(/usr/share/texlive/texmf-dist/tex/generic/pgf/libraries/pgflibraryplothandlers
.code.tex
File: pgflibraryplothandlers.code.tex 2020/12/27 v3.1.8b (3.1.8b)
\pgf@plot@mark@count=\count307
\pgfplotmarksize=\dimen273
)
\tikz@lastx=\dimen274
\tikz@lasty=\dimen275
\tikz@lastxsaved=\dimen276
\tikz@lastysaved=\dimen277
\tikz@lastmovetox=\dimen278
\tikz@lastmovetoy=\dimen279
\tikzleveldistance=\dimen280
\tikzsiblingdistance=\dimen281
\tikz@figbox=\box62
\tikz@figbox@bg=\box63
\tikz@tempbox=\box64
\tikz@tempbox@bg=\box65
\tikztreelevel=\count308
\tikznumberofchildren=\count309
\tikznumberofcurrentchild=\count310
\tikz@fig@count=\count311

(/usr/share/texlive/texmf-dist/tex/generic/pgf/modules/pgfmodulematrix.code.tex
File: pgfmodulematrix.code.tex 2020/12/27 v3.1.8b (3.1.8b)
\pgfmatrixcurrentrow=\count312
\pgfmatrixcurrentcolumn=\count313
\pgf@matrix@numberofcolumns=\count314
)
\tikz@expandcount=\count315

(/usr/share/texlive/texmf-dist/tex/generic/pgf/frontendlayer/tikz/libraries/tik
zlibrarytopaths.code.tex
File: tikzlibrarytopaths.code.tex 2020/12/27 v3.1.8b (3.1.8b)
)))
(/usr/share/texlive/texmf-dist/tex/generic/pgf/frontendlayer/tikz/libraries/tik
zlibraryarrows.code.tex
File: tikzlibraryarrows.code.tex 2020/12/27 v3.1.8b (3.1.8b)

(/usr/share/texlive/texmf-dist/tex/generic/pgf/libraries/pgflibraryarrows.code.
tex
File: pgflibraryarrows.code.tex 2020/12/27 v3.1.8b (3.1.8b)
\arrowsize=\dimen282
)) (/usr/share/texlive/texmf-dist/tex/latex/multirow/multirow.sty
Package: multirow 2021/01/29 v2.7 Span multiple rows of a table
\multirow@colwidth=\skip65
\multirow@cntb=\count316
\multirow@dima=\skip66
\bigstrutjot=\dimen283
)
(/usr/share/texlive/texmf-dist/tex/latex/tools/array.sty
Package: array 2020/10/01 v2.5c Tabular extension package (FMi)
\col@sep=\dimen284
\ar@mcellbox=\box66
\extrarowheight=\dimen285
\NC@list=\toks48
\extratabsurround=\skip67
\backup@length=\skip68
\ar@cellbox=\box67
)
(/usr/share/texlive/texmf-dist/tex/latex/tools/hhline.sty
Package: hhline 2020/01/04 v2.04 Table rule package (DPC)
)
(/usr/share/texlive/texmf-dist/tex/generic/ulem/ulem.sty
\UL@box=\box68
\UL@hyphenbox=\box69
\UL@skip=\skip69
\UL@hook=\toks49
\UL@height=\dimen286
\UL@pe=\count317
\UL@pixel=\dimen287
\ULC@box=\box70
Package: ulem 2019/11/18
\ULdepth=\dimen288
)
\c@thm=\count318

(/usr/share/texlive/texmf-dist/tex/latex/l3backend/l3backend-pdftex.def
File: l3backend-pdftex.def 2020-01-29 L3 backend support: PDF output (pdfTeX)
\l__color_backend_stack_int=\count319
\l__pdf_internal_box=\box71
)
No file 2977_12n_888.aux.
\openout1 = `2977_12n_888.aux'.

LaTeX Font Info:    Checking defaults for OML/cmm/m/it on input line 87.
LaTeX Font Info:    ... okay on input line 87.
LaTeX Font Info:    Checking defaults for OMS/cmsy/m/n on input line 87.
LaTeX Font Info:    ... okay on input line 87.
LaTeX Font Info:    Checking defaults for OT1/cmr/m/n on input line 87.
LaTeX Font Info:    ... okay on input line 87.
LaTeX Font Info:    Checking defaults for T1/cmr/m/n on input line 87.
LaTeX Font Info:    ... okay on input line 87.
LaTeX Font Info:    Checking defaults for TS1/cmr/m/n on input line 87.
LaTeX Font Info:    ... okay on input line 87.
LaTeX Font Info:    Checking defaults for OMX/cmex/m/n on input line 87.
LaTeX Font Info:    ... okay on input line 87.
LaTeX Font Info:    Checking defaults for U/cmr/m/n on input line 87.
LaTeX Font Info:    ... okay on input line 87.
LaTeX Font Info:    Checking defaults for LUC/nanummj/m/n on input line 87.
LaTeX Font Info:    Trying to load font information for LUC+nanummj on input li
ne 87.
(/usr/share/texlive/texmf-dist/tex/latex/nanumtype1/lucnanummj.fd
File: lucnanummj.fd 2013/02/12 v0.1 Nanum Myeongjo font definitions
)
LaTeX Font Info:    ... okay on input line 87.
LaTeX Font Info:    Checking defaults for PD1/pdf/m/n on input line 87.
LaTeX Font Info:    ... okay on input line 87.

(/usr/share/texlive/texmf-dist/tex/context/base/mkii/supp-pdf.mkii
[Loading MPS to PDF converter (version 2006.09.02).]
\scratchcounter=\count320
\scratchdimen=\dimen289
\scratchbox=\box72
\nofMPsegments=\count321
\nofMParguments=\count322
\everyMPshowfont=\toks50
\MPscratchCnt=\count323
\MPscratchDim=\dimen290
\MPnumerator=\count324
\makeMPintoPDFobject=\count325
\everyMPtoPDFconversion=\toks51
) (/usr/share/texlive/texmf-dist/tex/latex/epstopdf-pkg/epstopdf-base.sty
Package: epstopdf-base 2020-01-24 v2.11 Base part for package epstopdf

(/usr/share/texlive/texmf-dist/tex/latex/grfext/grfext.sty
Package: grfext 2019/12/03 v1.3 Manage graphics extensions (HO)
)
Package epstopdf-base Info: Redefining graphics rule for `.eps' on input line 4
85.
Package grfext Info: Graphics extension search list:
(grfext)             [.pdf,.png,.jpg,.mps,.jpeg,.jbig2,.jb2,.PDF,.PNG,.JPG,.JPE
G,.JBIG2,.JB2,.eps]
(grfext)             \AppendGraphicsExtensions on input line 504.

(/usr/share/texlive/texmf-dist/tex/latex/latexconfig/epstopdf-sys.cfg
File: epstopdf-sys.cfg 2010/07/13 v1.3 Configuration of (r)epstopdf for TeX Liv
e
))
*geometry* driver: auto-detecting
*geometry* detected driver: pdftex
*geometry* verbose mode - [ preamble ] result:
* driver: pdftex
* paper: custom
* layout: <same size as paper>
* layoutoffset:(h,v)=(0.0pt,0.0pt)
* hratio: 1:1
* vratio: 1:1
* modes: 
* h-part:(L,W,R)=(106.75394pt, 384.0pt, 106.75394pt)
* v-part:(T,H,B)=(141.52342pt, 562.0pt, 141.52342pt)
* \paperwidth=597.50787pt
* \paperheight=845.04684pt
* \textwidth=384.0pt
* \textheight=562.0pt
* \oddsidemargin=34.48395pt
* \evensidemargin=34.48395pt
* \topmargin=7.25343pt
* \headheight=50.0pt
* \headsep=12.0pt
* \topskip=10.0pt
* \footskip=12.0pt
* \marginparwidth=65.0pt
* \marginparsep=11.0pt
* \columnsep=10.0pt
* \skip\footins=24.0pt plus 2.0pt minus 12.0pt
* \hoffset=0.0pt
* \voffset=0.0pt
* \mag=1000
* \@twocolumnfalse
* \@twosidefalse
* \@mparswitchfalse
* \@reversemarginfalse
* (1in=72.27pt=25.4mm, 1cm=28.453pt)

Package caption Info: Begin \AtBeginDocument code.
Package caption Info: subfig package v1.3 is loaded.
Package caption Info: float package is loaded.
Package caption Info: hyperref package is loaded.
Package caption Info: End \AtBeginDocument code.
Package hyperref Info: Link coloring OFF on input line 87.
(/usr/share/texlive/texmf-dist/tex/latex/hyperref/nameref.sty
Package: nameref 2019/09/16 v2.46 Cross-referencing by name of section

(/usr/share/texlive/texmf-dist/tex/latex/refcount/refcount.sty
Package: refcount 2019/12/15 v3.6 Data extraction from label references (HO)
)
(/usr/share/texlive/texmf-dist/tex/generic/gettitlestring/gettitlestring.sty
Package: gettitlestring 2019/12/15 v1.6 Cleanup title references (HO)
)
\c@section@level=\count326
)
LaTeX Info: Redefining \ref on input line 87.
LaTeX Info: Redefining \pageref on input line 87.
LaTeX Info: Redefining \nameref on input line 87.
\@outlinefile=\write5
\openout5 = `2977_12n_888.out'.

LaTeX Font Info:    Trying to load font information for U+msa on input line 127
.

(/usr/share/texlive/texmf-dist/tex/latex/amsfonts/umsa.fd
File: umsa.fd 2013/01/14 v3.01 AMS symbols A
)
LaTeX Font Info:    Trying to load font information for U+msb on input line 127
.

(/usr/share/texlive/texmf-dist/tex/latex/amsfonts/umsb.fd
File: umsb.fd 2013/01/14 v3.01 AMS symbols B
)

LaTeX Warning: File `../../../GIT/diagram.site/Diagrams/png/2977_12n_888.png' n
ot found on input line 135.


! Package pdftex.def Error: File `../../../GIT/diagram.site/Diagrams/png/2977_1
2n_888.png' not found: using draft setting.

See the pdftex.def package documentation for explanation.
Type  H <return>  for immediate help.
 ...                                              
                                                  
l.135 \ \ \ A knot diagram\footnotemark}
                                        &
? 
! Interruption.
\GenericError  ...                                
                                                  \endgroup 
l.135 \ \ \ A knot diagram\footnotemark}
                                        &
? 

Overfull \vbox (31.60631pt too high) detected at line 135
 []


Overfull \hbox (20.0pt too wide) in paragraph at lines 135--135
[]|[]| 
 []


Overfull \hbox (14.58786pt too wide) in paragraph at lines 228--229
 []|[]| 
 []


Overfull \hbox (45.0pt too wide) in paragraph at lines 131--231
[][] 
 []


Underfull \hbox (badness 10000) in paragraph at lines 131--231

 []


Overfull \hbox (17.37785pt too wide) detected at line 260
[]
 []

[1

{/var/lib/texmf/fonts/map/pdftex/updmap/pdftex.map}] [2]
Overfull \hbox (13.32753pt too wide) in paragraph at lines 280--280
 \OML/cmm/m/it/10 a[] \OT1/cmr/m/n/10 =$|
 []


Overfull \hbox (13.32753pt too wide) in paragraph at lines 281--281
 \OML/cmm/m/it/10 a[] \OT1/cmr/m/n/10 =$|
 []


Overfull \hbox (13.32753pt too wide) in paragraph at lines 282--282
 \OML/cmm/m/it/10 a[] \OT1/cmr/m/n/10 =$|
 []


Overfull \hbox (13.32753pt too wide) in paragraph at lines 283--283
 \OML/cmm/m/it/10 a[] \OT1/cmr/m/n/10 =$|
 []


Overfull \hbox (13.32753pt too wide) in paragraph at lines 284--284
 \OML/cmm/m/it/10 a[] \OT1/cmr/m/n/10 =$|
 []


Overfull \hbox (17.31366pt too wide) in paragraph at lines 285--285
 \OML/cmm/m/it/10 a[] \OT1/cmr/m/n/10 =$|
 []


Overfull \hbox (17.31366pt too wide) in paragraph at lines 286--286
 \OML/cmm/m/it/10 a[] \OT1/cmr/m/n/10 =$|
 []


Overfull \hbox (13.32753pt too wide) in paragraph at lines 287--287
 \OML/cmm/m/it/10 a[] \OT1/cmr/m/n/10 =$|
 []


Overfull \hbox (13.32753pt too wide) in paragraph at lines 288--288
 \OML/cmm/m/it/10 a[] \OT1/cmr/m/n/10 =$|
 []


Overfull \hbox (13.32753pt too wide) in paragraph at lines 289--289
 \OML/cmm/m/it/10 a[] \OT1/cmr/m/n/10 =$|
 []


Overfull \hbox (13.32753pt too wide) in paragraph at lines 290--290
 \OML/cmm/m/it/10 a[] \OT1/cmr/m/n/10 =$|
 []


Overfull \hbox (17.31366pt too wide) in paragraph at lines 291--291
 \OML/cmm/m/it/10 a[] \OT1/cmr/m/n/10 =$|
 []

[3] [4]
Overfull \hbox (13.32753pt too wide) in paragraph at lines 320--320
 \OML/cmm/m/it/10 a[] \OT1/cmr/m/n/10 =$|
 []


Overfull \hbox (13.32753pt too wide) in paragraph at lines 321--321
 \OML/cmm/m/it/10 a[] \OT1/cmr/m/n/10 =$|
 []


Overfull \hbox (13.32753pt too wide) in paragraph at lines 322--322
 \OML/cmm/m/it/10 a[] \OT1/cmr/m/n/10 =$|
 []


Overfull \hbox (13.32753pt too wide) in paragraph at lines 323--323
 \OML/cmm/m/it/10 a[] \OT1/cmr/m/n/10 =$|
 []


Overfull \hbox (13.32753pt too wide) in paragraph at lines 324--324
 \OML/cmm/m/it/10 a[] \OT1/cmr/m/n/10 =$|
 []


Overfull \hbox (17.31366pt too wide) in paragraph at lines 325--325
 \OML/cmm/m/it/10 a[] \OT1/cmr/m/n/10 =$|
 []


Overfull \hbox (17.31366pt too wide) in paragraph at lines 326--326
 \OML/cmm/m/it/10 a[] \OT1/cmr/m/n/10 =$|
 []


Overfull \hbox (13.32753pt too wide) in paragraph at lines 327--327
 \OML/cmm/m/it/10 a[] \OT1/cmr/m/n/10 =$|
 []


Overfull \hbox (13.32753pt too wide) in paragraph at lines 328--328
 \OML/cmm/m/it/10 a[] \OT1/cmr/m/n/10 =$|
 []


Overfull \hbox (13.32753pt too wide) in paragraph at lines 329--329
 \OML/cmm/m/it/10 a[] \OT1/cmr/m/n/10 =$|
 []


Overfull \hbox (13.32753pt too wide) in paragraph at lines 330--330
 \OML/cmm/m/it/10 a[] \OT1/cmr/m/n/10 =$|
 []


Overfull \hbox (17.31366pt too wide) in paragraph at lines 331--331
 \OML/cmm/m/it/10 a[] \OT1/cmr/m/n/10 =$|
 []

[5] [6]
Overfull \hbox (13.32753pt too wide) in paragraph at lines 376--376
 \OML/cmm/m/it/10 a[] \OT1/cmr/m/n/10 =$|
 []


Overfull \hbox (13.32753pt too wide) in paragraph at lines 377--377
 \OML/cmm/m/it/10 a[] \OT1/cmr/m/n/10 =$|
 []


Overfull \hbox (13.32753pt too wide) in paragraph at lines 378--378
 \OML/cmm/m/it/10 a[] \OT1/cmr/m/n/10 =$|
 []


Overfull \hbox (13.32753pt too wide) in paragraph at lines 379--379
 \OML/cmm/m/it/10 a[] \OT1/cmr/m/n/10 =$|
 []


Overfull \hbox (13.32753pt too wide) in paragraph at lines 380--380
 \OML/cmm/m/it/10 a[] \OT1/cmr/m/n/10 =$|
 []


Overfull \hbox (17.31366pt too wide) in paragraph at lines 381--381
 \OML/cmm/m/it/10 a[] \OT1/cmr/m/n/10 =$|
 []


Overfull \hbox (75.31282pt too wide) in paragraph at lines 381--382
[]|$[]$| 
 []


Overfull \hbox (17.31366pt too wide) in paragraph at lines 382--382
 \OML/cmm/m/it/10 a[] \OT1/cmr/m/n/10 =$|
 []


Overfull \hbox (75.31282pt too wide) in paragraph at lines 382--383
[]|$[]$| 
 []


Overfull \hbox (13.32753pt too wide) in paragraph at lines 383--383
 \OML/cmm/m/it/10 a[] \OT1/cmr/m/n/10 =$|
 []


Overfull \hbox (87.53508pt too wide) in paragraph at lines 383--384
[]|$[]$| 
 []


Overfull \hbox (13.32753pt too wide) in paragraph at lines 384--384
 \OML/cmm/m/it/10 a[] \OT1/cmr/m/n/10 =$|
 []


Overfull \hbox (87.53508pt too wide) in paragraph at lines 384--385
[]|$[]$| 
 []


Overfull \hbox (13.32753pt too wide) in paragraph at lines 385--385
 \OML/cmm/m/it/10 a[] \OT1/cmr/m/n/10 =$|
 []


Overfull \hbox (70.3128pt too wide) in paragraph at lines 385--386
[]|$[]$| 
 []


Overfull \hbox (13.32753pt too wide) in paragraph at lines 386--386
 \OML/cmm/m/it/10 a[] \OT1/cmr/m/n/10 =$|
 []


Overfull \hbox (72.53503pt too wide) in paragraph at lines 386--387
[]|$[]$| 
 []


Overfull \hbox (17.31366pt too wide) in paragraph at lines 387--387
 \OML/cmm/m/it/10 a[] \OT1/cmr/m/n/10 =$|
 []


Overfull \hbox (62.535pt too wide) in paragraph at lines 387--387
[]|$[]$| 
 []

[7] [8]
Overfull \hbox (13.32753pt too wide) in paragraph at lines 432--432
 \OML/cmm/m/it/10 a[] \OT1/cmr/m/n/10 =$|
 []


Overfull \hbox (13.32753pt too wide) in paragraph at lines 433--433
 \OML/cmm/m/it/10 a[] \OT1/cmr/m/n/10 =$|
 []


Overfull \hbox (13.32753pt too wide) in paragraph at lines 434--434
 \OML/cmm/m/it/10 a[] \OT1/cmr/m/n/10 =$|
 []


Overfull \hbox (13.32753pt too wide) in paragraph at lines 435--435
 \OML/cmm/m/it/10 a[] \OT1/cmr/m/n/10 =$|
 []


Overfull \hbox (13.32753pt too wide) in paragraph at lines 436--436
 \OML/cmm/m/it/10 a[] \OT1/cmr/m/n/10 =$|
 []


Overfull \hbox (17.31366pt too wide) in paragraph at lines 437--437
 \OML/cmm/m/it/10 a[] \OT1/cmr/m/n/10 =$|
 []


Overfull \hbox (17.31366pt too wide) in paragraph at lines 438--438
 \OML/cmm/m/it/10 a[] \OT1/cmr/m/n/10 =$|
 []


Overfull \hbox (13.32753pt too wide) in paragraph at lines 439--439
 \OML/cmm/m/it/10 a[] \OT1/cmr/m/n/10 =$|
 []


Overfull \hbox (13.32753pt too wide) in paragraph at lines 440--440
 \OML/cmm/m/it/10 a[] \OT1/cmr/m/n/10 =$|
 []


Overfull \hbox (13.32753pt too wide) in paragraph at lines 441--441
 \OML/cmm/m/it/10 a[] \OT1/cmr/m/n/10 =$|
 []


Overfull \hbox (13.32753pt too wide) in paragraph at lines 442--442
 \OML/cmm/m/it/10 a[] \OT1/cmr/m/n/10 =$|
 []


Overfull \hbox (17.31366pt too wide) in paragraph at lines 443--443
 \OML/cmm/m/it/10 a[] \OT1/cmr/m/n/10 =$|
 []

[9] [10]
Overfull \hbox (13.32753pt too wide) in paragraph at lines 464--464
 \OML/cmm/m/it/10 a[] \OT1/cmr/m/n/10 =$|
 []


Overfull \hbox (13.32753pt too wide) in paragraph at lines 465--465
 \OML/cmm/m/it/10 a[] \OT1/cmr/m/n/10 =$|
 []


Overfull \hbox (13.32753pt too wide) in paragraph at lines 466--466
 \OML/cmm/m/it/10 a[] \OT1/cmr/m/n/10 =$|
 []


Overfull \hbox (13.32753pt too wide) in paragraph at lines 467--467
 \OML/cmm/m/it/10 a[] \OT1/cmr/m/n/10 =$|
 []


Overfull \hbox (13.32753pt too wide) in paragraph at lines 468--468
 \OML/cmm/m/it/10 a[] \OT1/cmr/m/n/10 =$|
 []


Overfull \hbox (17.31366pt too wide) in paragraph at lines 469--469
 \OML/cmm/m/it/10 a[] \OT1/cmr/m/n/10 =$|
 []


Overfull \hbox (17.31366pt too wide) in paragraph at lines 470--470
 \OML/cmm/m/it/10 a[] \OT1/cmr/m/n/10 =$|
 []


Overfull \hbox (13.32753pt too wide) in paragraph at lines 471--471
 \OML/cmm/m/it/10 a[] \OT1/cmr/m/n/10 =$|
 []


Overfull \hbox (13.32753pt too wide) in paragraph at lines 472--472
 \OML/cmm/m/it/10 a[] \OT1/cmr/m/n/10 =$|
 []


Overfull \hbox (13.32753pt too wide) in paragraph at lines 473--473
 \OML/cmm/m/it/10 a[] \OT1/cmr/m/n/10 =$|
 []


Overfull \hbox (13.32753pt too wide) in paragraph at lines 474--474
 \OML/cmm/m/it/10 a[] \OT1/cmr/m/n/10 =$|
 []


Overfull \hbox (17.31366pt too wide) in paragraph at lines 475--475
 \OML/cmm/m/it/10 a[] \OT1/cmr/m/n/10 =$|
 []

[11] [12]
Overfull \hbox (13.32753pt too wide) in paragraph at lines 496--496
 \OML/cmm/m/it/10 a[] \OT1/cmr/m/n/10 =$|
 []


Overfull \hbox (13.32753pt too wide) in paragraph at lines 497--497
 \OML/cmm/m/it/10 a[] \OT1/cmr/m/n/10 =$|
 []


Overfull \hbox (13.32753pt too wide) in paragraph at lines 498--498
 \OML/cmm/m/it/10 a[] \OT1/cmr/m/n/10 =$|
 []


Overfull \hbox (13.32753pt too wide) in paragraph at lines 499--499
 \OML/cmm/m/it/10 a[] \OT1/cmr/m/n/10 =$|
 []


Overfull \hbox (13.32753pt too wide) in paragraph at lines 500--500
 \OML/cmm/m/it/10 a[] \OT1/cmr/m/n/10 =$|
 []


Overfull \hbox (17.31366pt too wide) in paragraph at lines 501--501
 \OML/cmm/m/it/10 a[] \OT1/cmr/m/n/10 =$|
 []


Overfull \hbox (17.31366pt too wide) in paragraph at lines 502--502
 \OML/cmm/m/it/10 a[] \OT1/cmr/m/n/10 =$|
 []


Overfull \hbox (13.32753pt too wide) in paragraph at lines 503--503
 \OML/cmm/m/it/10 a[] \OT1/cmr/m/n/10 =$|
 []


Overfull \hbox (13.32753pt too wide) in paragraph at lines 504--504
 \OML/cmm/m/it/10 a[] \OT1/cmr/m/n/10 =$|
 []


Overfull \hbox (13.32753pt too wide) in paragraph at lines 505--505
 \OML/cmm/m/it/10 a[] \OT1/cmr/m/n/10 =$|
 []


Overfull \hbox (13.32753pt too wide) in paragraph at lines 506--506
 \OML/cmm/m/it/10 a[] \OT1/cmr/m/n/10 =$|
 []


Overfull \hbox (17.31366pt too wide) in paragraph at lines 507--507
 \OML/cmm/m/it/10 a[] \OT1/cmr/m/n/10 =$|
 []

[13] [14]
Overfull \hbox (13.32753pt too wide) in paragraph at lines 536--536
 \OML/cmm/m/it/10 a[] \OT1/cmr/m/n/10 =$|
 []


Overfull \hbox (13.32753pt too wide) in paragraph at lines 537--537
 \OML/cmm/m/it/10 a[] \OT1/cmr/m/n/10 =$|
 []


Overfull \hbox (13.32753pt too wide) in paragraph at lines 538--538
 \OML/cmm/m/it/10 a[] \OT1/cmr/m/n/10 =$|
 []


Overfull \hbox (13.32753pt too wide) in paragraph at lines 539--539
 \OML/cmm/m/it/10 a[] \OT1/cmr/m/n/10 =$|
 []


Overfull \hbox (13.32753pt too wide) in paragraph at lines 540--540
 \OML/cmm/m/it/10 a[] \OT1/cmr/m/n/10 =$|
 []


Overfull \hbox (17.31366pt too wide) in paragraph at lines 541--541
 \OML/cmm/m/it/10 a[] \OT1/cmr/m/n/10 =$|
 []


Overfull \hbox (17.31366pt too wide) in paragraph at lines 542--542
 \OML/cmm/m/it/10 a[] \OT1/cmr/m/n/10 =$|
 []


Overfull \hbox (13.32753pt too wide) in paragraph at lines 543--543
 \OML/cmm/m/it/10 a[] \OT1/cmr/m/n/10 =$|
 []


Overfull \hbox (13.32753pt too wide) in paragraph at lines 544--544
 \OML/cmm/m/it/10 a[] \OT1/cmr/m/n/10 =$|
 []


Overfull \hbox (13.32753pt too wide) in paragraph at lines 545--545
 \OML/cmm/m/it/10 a[] \OT1/cmr/m/n/10 =$|
 []


Overfull \hbox (13.32753pt too wide) in paragraph at lines 546--546
 \OML/cmm/m/it/10 a[] \OT1/cmr/m/n/10 =$|
 []


Overfull \hbox (17.31366pt too wide) in paragraph at lines 547--547
 \OML/cmm/m/it/10 a[] \OT1/cmr/m/n/10 =$|
 []

[15] [16]
Overfull \hbox (13.32753pt too wide) in paragraph at lines 568--568
 \OML/cmm/m/it/10 a[] \OT1/cmr/m/n/10 =$|
 []


Overfull \hbox (13.32753pt too wide) in paragraph at lines 569--569
 \OML/cmm/m/it/10 a[] \OT1/cmr/m/n/10 =$|
 []


Overfull \hbox (13.32753pt too wide) in paragraph at lines 570--570
 \OML/cmm/m/it/10 a[] \OT1/cmr/m/n/10 =$|
 []


Overfull \hbox (13.32753pt too wide) in paragraph at lines 571--571
 \OML/cmm/m/it/10 a[] \OT1/cmr/m/n/10 =$|
 []


Overfull \hbox (13.32753pt too wide) in paragraph at lines 572--572
 \OML/cmm/m/it/10 a[] \OT1/cmr/m/n/10 =$|
 []


Overfull \hbox (17.31366pt too wide) in paragraph at lines 573--573
 \OML/cmm/m/it/10 a[] \OT1/cmr/m/n/10 =$|
 []


Overfull \hbox (17.31366pt too wide) in paragraph at lines 574--574
 \OML/cmm/m/it/10 a[] \OT1/cmr/m/n/10 =$|
 []


Overfull \hbox (13.32753pt too wide) in paragraph at lines 575--575
 \OML/cmm/m/it/10 a[] \OT1/cmr/m/n/10 =$|
 []


Overfull \hbox (13.32753pt too wide) in paragraph at lines 576--576
 \OML/cmm/m/it/10 a[] \OT1/cmr/m/n/10 =$|
 []


Overfull \hbox (13.32753pt too wide) in paragraph at lines 577--577
 \OML/cmm/m/it/10 a[] \OT1/cmr/m/n/10 =$|
 []


Overfull \hbox (13.32753pt too wide) in paragraph at lines 578--578
 \OML/cmm/m/it/10 a[] \OT1/cmr/m/n/10 =$|
 []


Overfull \hbox (17.31366pt too wide) in paragraph at lines 579--579
 \OML/cmm/m/it/10 a[] \OT1/cmr/m/n/10 =$|
 []

[17] [18]
Overfull \hbox (13.32753pt too wide) in paragraph at lines 600--600
 \OML/cmm/m/it/10 a[] \OT1/cmr/m/n/10 =$|
 []


Overfull \hbox (13.32753pt too wide) in paragraph at lines 601--601
 \OML/cmm/m/it/10 a[] \OT1/cmr/m/n/10 =$|
 []


Overfull \hbox (13.32753pt too wide) in paragraph at lines 602--602
 \OML/cmm/m/it/10 a[] \OT1/cmr/m/n/10 =$|
 []


Overfull \hbox (13.32753pt too wide) in paragraph at lines 603--603
 \OML/cmm/m/it/10 a[] \OT1/cmr/m/n/10 =$|
 []


Overfull \hbox (13.32753pt too wide) in paragraph at lines 604--604
 \OML/cmm/m/it/10 a[] \OT1/cmr/m/n/10 =$|
 []


Overfull \hbox (17.31366pt too wide) in paragraph at lines 605--605
 \OML/cmm/m/it/10 a[] \OT1/cmr/m/n/10 =$|
 []


Overfull \hbox (17.31366pt too wide) in paragraph at lines 606--606
 \OML/cmm/m/it/10 a[] \OT1/cmr/m/n/10 =$|
 []


Overfull \hbox (13.32753pt too wide) in paragraph at lines 607--607
 \OML/cmm/m/it/10 a[] \OT1/cmr/m/n/10 =$|
 []


Overfull \hbox (13.32753pt too wide) in paragraph at lines 608--608
 \OML/cmm/m/it/10 a[] \OT1/cmr/m/n/10 =$|
 []


Overfull \hbox (13.32753pt too wide) in paragraph at lines 609--609
 \OML/cmm/m/it/10 a[] \OT1/cmr/m/n/10 =$|
 []


Overfull \hbox (13.32753pt too wide) in paragraph at lines 610--610
 \OML/cmm/m/it/10 a[] \OT1/cmr/m/n/10 =$|
 []


Overfull \hbox (17.31366pt too wide) in paragraph at lines 611--611
 \OML/cmm/m/it/10 a[] \OT1/cmr/m/n/10 =$|
 []

[19] [20]
Overfull \hbox (13.32753pt too wide) in paragraph at lines 640--640
 \OML/cmm/m/it/10 a[] \OT1/cmr/m/n/10 =$|
 []


Overfull \hbox (13.32753pt too wide) in paragraph at lines 641--641
 \OML/cmm/m/it/10 a[] \OT1/cmr/m/n/10 =$|
 []


Overfull \hbox (13.32753pt too wide) in paragraph at lines 642--642
 \OML/cmm/m/it/10 a[] \OT1/cmr/m/n/10 =$|
 []


Overfull \hbox (13.32753pt too wide) in paragraph at lines 643--643
 \OML/cmm/m/it/10 a[] \OT1/cmr/m/n/10 =$|
 []


Overfull \hbox (13.32753pt too wide) in paragraph at lines 644--644
 \OML/cmm/m/it/10 a[] \OT1/cmr/m/n/10 =$|
 []


Overfull \hbox (17.31366pt too wide) in paragraph at lines 645--645
 \OML/cmm/m/it/10 a[] \OT1/cmr/m/n/10 =$|
 []


Overfull \hbox (17.31366pt too wide) in paragraph at lines 646--646
 \OML/cmm/m/it/10 a[] \OT1/cmr/m/n/10 =$|
 []


Overfull \hbox (13.32753pt too wide) in paragraph at lines 647--647
 \OML/cmm/m/it/10 a[] \OT1/cmr/m/n/10 =$|
 []


Overfull \hbox (13.32753pt too wide) in paragraph at lines 648--648
 \OML/cmm/m/it/10 a[] \OT1/cmr/m/n/10 =$|
 []


Overfull \hbox (13.32753pt too wide) in paragraph at lines 649--649
 \OML/cmm/m/it/10 a[] \OT1/cmr/m/n/10 =$|
 []


Overfull \hbox (13.32753pt too wide) in paragraph at lines 650--650
 \OML/cmm/m/it/10 a[] \OT1/cmr/m/n/10 =$|
 []


Overfull \hbox (17.31366pt too wide) in paragraph at lines 651--651
 \OML/cmm/m/it/10 a[] \OT1/cmr/m/n/10 =$|
 []

[21] [22]
Overfull \hbox (13.32753pt too wide) in paragraph at lines 680--680
 \OML/cmm/m/it/10 a[] \OT1/cmr/m/n/10 =$|
 []


Overfull \hbox (13.32753pt too wide) in paragraph at lines 681--681
 \OML/cmm/m/it/10 a[] \OT1/cmr/m/n/10 =$|
 []


Overfull \hbox (13.32753pt too wide) in paragraph at lines 682--682
 \OML/cmm/m/it/10 a[] \OT1/cmr/m/n/10 =$|
 []


Overfull \hbox (13.32753pt too wide) in paragraph at lines 683--683
 \OML/cmm/m/it/10 a[] \OT1/cmr/m/n/10 =$|
 []


Overfull \hbox (13.32753pt too wide) in paragraph at lines 684--684
 \OML/cmm/m/it/10 a[] \OT1/cmr/m/n/10 =$|
 []


Overfull \hbox (17.31366pt too wide) in paragraph at lines 685--685
 \OML/cmm/m/it/10 a[] \OT1/cmr/m/n/10 =$|
 []


Overfull \hbox (17.31366pt too wide) in paragraph at lines 686--686
 \OML/cmm/m/it/10 a[] \OT1/cmr/m/n/10 =$|
 []


Overfull \hbox (13.32753pt too wide) in paragraph at lines 687--687
 \OML/cmm/m/it/10 a[] \OT1/cmr/m/n/10 =$|
 []


Overfull \hbox (13.32753pt too wide) in paragraph at lines 688--688
 \OML/cmm/m/it/10 a[] \OT1/cmr/m/n/10 =$|
 []


Overfull \hbox (13.32753pt too wide) in paragraph at lines 689--689
 \OML/cmm/m/it/10 a[] \OT1/cmr/m/n/10 =$|
 []


Overfull \hbox (13.32753pt too wide) in paragraph at lines 690--690
 \OML/cmm/m/it/10 a[] \OT1/cmr/m/n/10 =$|
 []


Overfull \hbox (17.31366pt too wide) in paragraph at lines 691--691
 \OML/cmm/m/it/10 a[] \OT1/cmr/m/n/10 =$|
 []

[23] [24]
Overfull \hbox (13.32753pt too wide) in paragraph at lines 708--708
 \OML/cmm/m/it/10 a[] \OT1/cmr/m/n/10 =$|
 []


Overfull \hbox (13.32753pt too wide) in paragraph at lines 709--709
 \OML/cmm/m/it/10 a[] \OT1/cmr/m/n/10 =$|
 []


Overfull \hbox (13.32753pt too wide) in paragraph at lines 710--710
 \OML/cmm/m/it/10 a[] \OT1/cmr/m/n/10 =$|
 []


Overfull \hbox (13.32753pt too wide) in paragraph at lines 711--711
 \OML/cmm/m/it/10 a[] \OT1/cmr/m/n/10 =$|
 []


Overfull \hbox (13.32753pt too wide) in paragraph at lines 712--712
 \OML/cmm/m/it/10 a[] \OT1/cmr/m/n/10 =$|
 []


Overfull \hbox (17.31366pt too wide) in paragraph at lines 713--713
 \OML/cmm/m/it/10 a[] \OT1/cmr/m/n/10 =$|
 []


Overfull \hbox (17.31366pt too wide) in paragraph at lines 714--714
 \OML/cmm/m/it/10 a[] \OT1/cmr/m/n/10 =$|
 []


Overfull \hbox (13.32753pt too wide) in paragraph at lines 715--715
 \OML/cmm/m/it/10 a[] \OT1/cmr/m/n/10 =$|
 []


Overfull \hbox (13.32753pt too wide) in paragraph at lines 716--716
 \OML/cmm/m/it/10 a[] \OT1/cmr/m/n/10 =$|
 []


Overfull \hbox (13.32753pt too wide) in paragraph at lines 717--717
 \OML/cmm/m/it/10 a[] \OT1/cmr/m/n/10 =$|
 []


Overfull \hbox (13.32753pt too wide) in paragraph at lines 718--718
 \OML/cmm/m/it/10 a[] \OT1/cmr/m/n/10 =$|
 []


Overfull \hbox (17.31366pt too wide) in paragraph at lines 719--719
 \OML/cmm/m/it/10 a[] \OT1/cmr/m/n/10 =$|
 []

[25]
Overfull \hbox (13.32753pt too wide) in paragraph at lines 737--737
 \OML/cmm/m/it/10 a[] \OT1/cmr/m/n/10 =$|
 []


Overfull \hbox (13.32753pt too wide) in paragraph at lines 738--738
 \OML/cmm/m/it/10 a[] \OT1/cmr/m/n/10 =$|
 []


Overfull \hbox (13.32753pt too wide) in paragraph at lines 739--739
 \OML/cmm/m/it/10 a[] \OT1/cmr/m/n/10 =$|
 []


Overfull \hbox (13.32753pt too wide) in paragraph at lines 740--740
 \OML/cmm/m/it/10 a[] \OT1/cmr/m/n/10 =$|
 []


Overfull \hbox (13.32753pt too wide) in paragraph at lines 741--741
 \OML/cmm/m/it/10 a[] \OT1/cmr/m/n/10 =$|
 []


Overfull \hbox (17.31366pt too wide) in paragraph at lines 742--742
 \OML/cmm/m/it/10 a[] \OT1/cmr/m/n/10 =$|
 []


Overfull \hbox (17.31366pt too wide) in paragraph at lines 743--743
 \OML/cmm/m/it/10 a[] \OT1/cmr/m/n/10 =$|
 []


Overfull \hbox (13.32753pt too wide) in paragraph at lines 744--744
 \OML/cmm/m/it/10 a[] \OT1/cmr/m/n/10 =$|
 []


Overfull \hbox (13.32753pt too wide) in paragraph at lines 745--745
 \OML/cmm/m/it/10 a[] \OT1/cmr/m/n/10 =$|
 []


Overfull \hbox (13.32753pt too wide) in paragraph at lines 746--746
 \OML/cmm/m/it/10 a[] \OT1/cmr/m/n/10 =$|
 []


Overfull \hbox (13.32753pt too wide) in paragraph at lines 747--747
 \OML/cmm/m/it/10 a[] \OT1/cmr/m/n/10 =$|
 []


Overfull \hbox (17.31366pt too wide) in paragraph at lines 748--748
 \OML/cmm/m/it/10 a[] \OT1/cmr/m/n/10 =$|
 []

[26] [27]
Overfull \hbox (13.32753pt too wide) in paragraph at lines 765--765
 \OML/cmm/m/it/10 a[] \OT1/cmr/m/n/10 =$|
 []


Overfull \hbox (13.32753pt too wide) in paragraph at lines 766--766
 \OML/cmm/m/it/10 a[] \OT1/cmr/m/n/10 =$|
 []


Overfull \hbox (13.32753pt too wide) in paragraph at lines 767--767
 \OML/cmm/m/it/10 a[] \OT1/cmr/m/n/10 =$|
 []


Overfull \hbox (13.32753pt too wide) in paragraph at lines 768--768
 \OML/cmm/m/it/10 a[] \OT1/cmr/m/n/10 =$|
 []


Overfull \hbox (13.32753pt too wide) in paragraph at lines 769--769
 \OML/cmm/m/it/10 a[] \OT1/cmr/m/n/10 =$|
 []


Overfull \hbox (17.31366pt too wide) in paragraph at lines 770--770
 \OML/cmm/m/it/10 a[] \OT1/cmr/m/n/10 =$|
 []


Overfull \hbox (17.31366pt too wide) in paragraph at lines 771--771
 \OML/cmm/m/it/10 a[] \OT1/cmr/m/n/10 =$|
 []


Overfull \hbox (13.32753pt too wide) in paragraph at lines 772--772
 \OML/cmm/m/it/10 a[] \OT1/cmr/m/n/10 =$|
 []


Overfull \hbox (13.32753pt too wide) in paragraph at lines 773--773
 \OML/cmm/m/it/10 a[] \OT1/cmr/m/n/10 =$|
 []


Overfull \hbox (13.32753pt too wide) in paragraph at lines 774--774
 \OML/cmm/m/it/10 a[] \OT1/cmr/m/n/10 =$|
 []


Overfull \hbox (13.32753pt too wide) in paragraph at lines 775--775
 \OML/cmm/m/it/10 a[] \OT1/cmr/m/n/10 =$|
 []


Overfull \hbox (17.31366pt too wide) in paragraph at lines 776--776
 \OML/cmm/m/it/10 a[] \OT1/cmr/m/n/10 =$|
 []

[28] [29]
Overfull \hbox (34.68973pt too wide) in paragraph at lines 794--799
[]|$[][]$| 
 []


Overfull \hbox (34.68973pt too wide) in paragraph at lines 799--804
[]|$[][]$| 
 []

[30]
Overfull \hbox (29.71489pt too wide) in paragraph at lines 809--814
[]|$[][]$| 
 []

[31] (./2977_12n_888.aux)

Package rerunfilecheck Warning: File `2977_12n_888.out' has changed.
(rerunfilecheck)                Rerun to get outlines right
(rerunfilecheck)                or use package `bookmark'.

Package rerunfilecheck Info: Checksums for `2977_12n_888.out':
(rerunfilecheck)             Before: <no file>
(rerunfilecheck)             After:  D41D8CD98F00B204E9800998ECF8427E;0.
 ) 
Here is how much of TeX's memory you used:
 20800 strings out of 479304
 386606 string characters out of 5869779
 705745 words of memory out of 5000000
 37497 multiletter control sequences out of 15000+600000
 413972 words of font info for 68 fonts, out of 8000000 for 9000
 1141 hyphenation exceptions out of 8191
 87i,16n,88p,416b,837s stack positions out of 5000i,500n,10000p,200000b,80000s
</usr/share/texlive/texmf-dist/fonts/type1/public/amsfonts/cm/cmbsy10.pfb></u
sr/share/texlive/texmf-dist/fonts/type1/public/amsfonts/cm/cmbx10.pfb></usr/sha
re/texlive/texmf-dist/fonts/type1/public/amsfonts/cm/cmbx7.pfb></usr/share/texl
ive/texmf-dist/fonts/type1/public/amsfonts/cm/cmbx8.pfb></usr/share/texlive/tex
mf-dist/fonts/type1/public/amsfonts/cm/cmex10.pfb></usr/share/texlive/texmf-dis
t/fonts/type1/public/amsfonts/cm/cmmi10.pfb></usr/share/texlive/texmf-dist/font
s/type1/public/amsfonts/cm/cmmi12.pfb></usr/share/texlive/texmf-dist/fonts/type
1/public/amsfonts/cm/cmmi7.pfb></usr/share/texlive/texmf-dist/fonts/type1/publi
c/amsfonts/cm/cmmib10.pfb></usr/share/texlive/texmf-dist/fonts/type1/public/ams
fonts/cmextra/cmmib7.pfb></usr/share/texlive/texmf-dist/fonts/type1/public/amsf
onts/cm/cmr10.pfb></usr/share/texlive/texmf-dist/fonts/type1/public/amsfonts/cm
/cmr12.pfb></usr/share/texlive/texmf-dist/fonts/type1/public/amsfonts/cm/cmr6.p
fb></usr/share/texlive/texmf-dist/fonts/type1/public/amsfonts/cm/cmr7.pfb></usr
/share/texlive/texmf-dist/fonts/type1/public/amsfonts/cm/cmr8.pfb></usr/share/t
exlive/texmf-dist/fonts/type1/public/amsfonts/cm/cmsy10.pfb></usr/share/texlive
/texmf-dist/fonts/type1/public/amsfonts/cm/cmtt10.pfb></usr/share/texlive/texmf
-dist/fonts/type1/public/amsfonts/cm/cmtt8.pfb></usr/share/texlive/texmf-dist/f
onts/type1/public/amsfonts/symbols/msbm7.pfb>
Output written on 2977_12n_888.pdf (31 pages, 216802 bytes).
PDF statistics:
 252 PDF objects out of 1000 (max. 8388607)
 198 compressed objects within 2 object streams
 50 named destinations out of 1000 (max. 500000)
 13 words of extra memory for PDF output out of 10000 (max. 10000000)

